<?xml version="1.0" encoding="UTF-8"?>
<testsuite name="jdev.tracker.services.ServiceSaveMsgTest" tests="2" skipped="0" failures="0" errors="0" timestamp="2020-12-21T13:25:22" hostname="WIN-HCMNVMTKJHJ" time="0.033">
  <properties/>
  <testcase name="putTakeMsg" classname="jdev.tracker.services.ServiceSaveMsgTest" time="0.032"/>
  <testcase name="getBlockingQueue" classname="jdev.tracker.services.ServiceSaveMsgTest" time="0.0"/>
  <system-out><![CDATA[]]></system-out>
  <system-err><![CDATA[SLF4J: Class path contains multiple SLF4J bindings.
SLF4J: Found binding in [jar:file:/C:/MY/TUSUR/TUSUR_Exercises/toll-github/.gradle/caches/modules-2/files-2.1/org.slf4j/slf4j-log4j12/1.7.25/110cefe2df103412849d72ef7a67e4e91e4266b4/slf4j-log4j12-1.7.25.jar!/org/slf4j/impl/StaticLoggerBinder.class]
SLF4J: Found binding in [jar:file:/C:/MY/TUSUR/TUSUR_Exercises/toll-github/.gradle/caches/modules-2/files-2.1/org.apache.logging.log4j/log4j-slf4j-impl/2.10.0/8e4e0a30736175e31c7f714d95032c1734cfbdea/log4j-slf4j-impl-2.10.0.jar!/org/slf4j/impl/StaticLoggerBinder.class]
SLF4J: Found binding in [jar:file:/C:/MY/TUSUR/TUSUR_Exercises/toll-github/.gradle/caches/modules-2/files-2.1/ch.qos.logback/logback-classic/1.2.3/7c4f3c474fb2c041d8028740440937705ebb473a/logback-classic-1.2.3.jar!/org/slf4j/impl/StaticLoggerBinder.class]
SLF4J: See http://www.slf4j.org/codes.html#multiple_bindings for an explanation.
SLF4J: Actual binding is of type [org.slf4j.impl.Log4jLoggerFactory]
]]></system-err>
</testsuite>
