<?xml version="1.0" encoding="UTF-8"?>
<testsuite name="jdev.dto.PointDTOTest" tests="1" skipped="0" failures="0" errors="0" timestamp="2020-11-29T17:03:00" hostname="WIN-HCMNVMTKJHJ" time="0.25">
  <properties/>
  <testcase name="toJson" classname="jdev.dto.PointDTOTest" time="0.25"/>
  <system-out><![CDATA[{"lat":56.0,"lon":74.0,"autoId":"o567gfd","time":1606669380095}
]]></system-out>
  <system-err><![CDATA[]]></system-err>
</testsuite>
