<?xml version="1.0" encoding="UTF-8"?>
<testsuite name="jdev.dto.PointDTOTest" tests="1" skipped="0" failures="0" errors="0" timestamp="2020-11-25T18:53:26" hostname="WIN-HCMNVMTKJHJ" time="0.302">
  <properties/>
  <testcase name="toJson" classname="jdev.dto.PointDTOTest" time="0.302"/>
  <system-out><![CDATA[]]></system-out>
  <system-err><![CDATA[]]></system-err>
</testsuite>
